2023-12-21 14:59:38,489 - INFO - 第【1】次仿真运行开始！
2023-12-21 15:00:18,932 - INFO - Current Time: 0.0s ~ 300.0s
2023-12-21 15:00:18,932 - INFO - Current States: [[31.229424357588357, 0.9722154095218524, 74.0], [26.544309197623548, 3.6625104955335783, 87.0]]
2023-12-21 15:00:18,936 - INFO - Raw actions:[-0.8873241, 0.75642055]
2023-12-21 15:00:18,936 - INFO - Actual Actions:[ 60 120]
2025-01-02 15:39:49,077 - INFO - 第【1】次仿真运行开始！
2025-01-02 15:39:56,806 - INFO - Current Time: 0.0s ~ 300.0s
2025-01-02 15:39:56,806 - INFO - Current States: [[31.535696918691215, 0.5373352527343486, 73.0], [25.667761781313178, 5.576612174240362, 91.0]]
2025-01-02 15:39:56,832 - INFO - Raw actions:[-0.6483953, 0.40249723]
2025-01-02 15:39:56,833 - INFO - Actual Actions:[ 70 100]
2025-01-02 15:40:10,046 - INFO - Rewards: [ 9.172216  -2.4575109]
2025-01-02 15:40:10,047 - INFO - Current Time: 300.0s ~ 600.0s
2025-01-02 15:40:10,047 - INFO - Current States: [[18.074207524517423, 1.0723085105062193, 127.0], [20.889138037333126, 6.590993725920749, 101.0]]
2025-01-02 15:40:10,048 - INFO - Raw actions:[-0.6946884, 0.64688665]
2025-01-02 15:40:10,048 - INFO - Actual Actions:[ 70 110]
2025-01-02 15:40:25,550 - INFO - Rewards: [  9.17302173 -15.46600472]
2025-01-02 15:40:25,551 - INFO - Current Time: 600.0s ~ 900.0s
2025-01-02 15:40:25,551 - INFO - Current States: [[18.083025872081937, 1.0767937933570277, 126.0], [18.936299806814397, 8.82778460066947, 117.0]]
2025-01-02 15:40:25,552 - INFO - Raw actions:[-0.50498384, 0.20447421]
2025-01-02 15:40:25,552 - INFO - Actual Actions:[ 70 100]
2025-01-02 15:40:41,314 - INFO - Rewards: [ 10.58614521 -33.62078186]
2025-01-02 15:40:41,314 - INFO - Current Time: 900.0s ~ 1200.0s
2025-01-02 15:40:41,314 - INFO - Current States: [[18.1964634899996, 0.33173288880951035, 126.0], [15.660093133464935, 9.41683774326616, 143.0]]
2025-01-02 15:40:41,315 - INFO - Raw actions:[-0.5455533, 0.4982577]
2025-01-02 15:40:41,315 - INFO - Actual Actions:[ 70 110]
2025-01-02 15:40:57,824 - INFO - Rewards: [ 10.60609567 -45.48704915]
2025-01-02 15:40:57,825 - INFO - Current Time: 1200.0s ~ 1500.0s
2025-01-02 15:40:57,825 - INFO - Current States: [[18.216586803643132, 0.3238564154486725, 126.0], [14.63706488981322, 9.869288083200688, 153.0]]
2025-01-02 15:40:57,826 - INFO - Raw actions:[-0.52060235, 0.5968466]
2025-01-02 15:40:57,827 - INFO - Actual Actions:[ 70 110]
2025-01-02 15:41:14,996 - INFO - Rewards: [ 10.5960353  -56.59025524]
2025-01-02 15:41:14,996 - INFO - Current Time: 1500.0s ~ 1800.0s
2025-01-02 15:41:14,996 - INFO - Current States: [[18.214577730111305, 0.3327113426452896, 126.0], [12.953554133171293, 10.362387724202616, 169.0]]
2025-01-02 15:41:14,997 - INFO - Raw actions:[-0.88558495, 0.3978762]
2025-01-02 15:41:14,997 - INFO - Actual Actions:[ 60 100]
2025-01-02 15:41:26,477 - INFO - 第【1】次仿真运行结束！当前已经用时为97.9秒\n
2025-01-02 15:41:26,477 - INFO - all_epoch_rewards: [[50.13351390144532], [-153.6216018769015]]
2025-01-02 15:41:26,508 - INFO - 第【2】次仿真运行开始！
2025-01-02 15:41:30,999 - INFO - 第【2】次仿真运行结束！当前已经用时为102.4秒\n
2025-01-02 15:41:30,999 - INFO - all_epoch_rewards: [[50.13351390144532, 0.0], [-153.6216018769015, 0.0]]
2025-01-02 15:41:31,021 - INFO - 第【3】次仿真运行开始！
2025-01-02 15:41:35,008 - INFO - 第【3】次仿真运行结束！当前已经用时为106.5秒\n
2025-01-02 15:41:35,008 - INFO - all_epoch_rewards: [[50.13351390144532, 0.0, 0.0], [-153.6216018769015, 0.0, 0.0]]
2025-01-02 15:41:35,031 - INFO - 第【4】次仿真运行开始！
2025-01-02 15:41:40,600 - INFO - 第【4】次仿真运行结束！当前已经用时为112.0秒\n
2025-01-02 15:41:40,600 - INFO - all_epoch_rewards: [[50.13351390144532, 0.0, 0.0, 0.0], [-153.6216018769015, 0.0, 0.0, 0.0]]
2025-01-02 15:41:40,620 - INFO - 第【5】次仿真运行开始！
2025-01-02 15:41:43,881 - INFO - 第【5】次仿真运行结束！当前已经用时为115.3秒\n
2025-01-02 15:41:43,881 - INFO - all_epoch_rewards: [[50.13351390144532, 0.0, 0.0, 0.0, 0.0], [-153.6216018769015, 0.0, 0.0, 0.0, 0.0]]
2025-01-02 15:41:43,909 - INFO - 第【6】次仿真运行开始！
2025-01-02 15:41:44,752 - INFO - 第【6】次仿真运行结束！当前已经用时为116.2秒\n
2025-01-02 15:41:44,752 - INFO - all_epoch_rewards: [[50.13351390144532, 0.0, 0.0, 0.0, 0.0, 0.0], [-153.6216018769015, 0.0, 0.0, 0.0, 0.0, 0.0]]
2025-01-02 15:41:44,777 - INFO - 第【7】次仿真运行开始！
2025-01-02 15:41:45,526 - INFO - 第【7】次仿真运行结束！当前已经用时为117.0秒\n
2025-01-02 15:41:45,526 - INFO - all_epoch_rewards: [[50.13351390144532, 0.0, 0.0, 0.0, 0.0, 0.0, 0.0], [-153.6216018769015, 0.0, 0.0, 0.0, 0.0, 0.0, 0.0]]
2025-01-02 15:41:45,556 - INFO - 第【8】次仿真运行开始！
2025-01-02 15:41:45,773 - INFO - 第【8】次仿真运行结束！当前已经用时为117.2秒\n
2025-01-02 15:41:45,773 - INFO - all_epoch_rewards: [[50.13351390144532, 0.0, 0.0, 0.0, 0.0, 0.0, 0.0, 0.0], [-153.6216018769015, 0.0, 0.0, 0.0, 0.0, 0.0, 0.0, 0.0]]
2025-01-02 15:41:45,789 - INFO - 第【9】次仿真运行开始！
2025-01-02 15:41:46,147 - INFO - 第【9】次仿真运行结束！当前已经用时为117.6秒\n
2025-01-02 15:41:46,147 - INFO - all_epoch_rewards: [[50.13351390144532, 0.0, 0.0, 0.0, 0.0, 0.0, 0.0, 0.0, 0.0], [-153.6216018769015, 0.0, 0.0, 0.0, 0.0, 0.0, 0.0, 0.0, 0.0]]
2025-01-02 15:41:46,148 - INFO - 第【10】次仿真运行开始！
2025-01-02 15:41:46,525 - INFO - 第【10】次仿真运行结束！当前已经用时为118.0秒\n
2025-01-02 15:41:46,525 - INFO - all_epoch_rewards: [[50.13351390144532, 0.0, 0.0, 0.0, 0.0, 0.0, 0.0, 0.0, 0.0, 0.0], [-153.6216018769015, 0.0, 0.0, 0.0, 0.0, 0.0, 0.0, 0.0, 0.0, 0.0]]
